Analysis & Synthesis report for part2
Sun Mar 31 22:58:30 2019
Quartus Prime Version 17.0.0 Build 595 04/25/2017 SJ Lite Edition


---------------------
; Table of Contents ;
---------------------
  1. Legal Notice
  2. Analysis & Synthesis Summary
  3. Analysis & Synthesis Settings
  4. Parallel Compilation
  5. Analysis & Synthesis Messages



----------------
; Legal Notice ;
----------------
Copyright (C) 2017  Intel Corporation. All rights reserved.
Your use of Intel Corporation's design tools, logic functions 
and other software and tools, and its AMPP partner logic 
functions, and any output files from any of the foregoing 
(including device programming or simulation files), and any 
associated documentation or information are expressly subject 
to the terms and conditions of the Intel Program License 
Subscription Agreement, the Intel Quartus Prime License Agreement,
the Intel MegaCore Function License Agreement, or other 
applicable license agreement, including, without limitation, 
that your use is for the sole purpose of programming logic 
devices manufactured by Intel and sold by Intel or its 
authorized distributors.  Please refer to the applicable 
agreement for further details.



+---------------------------------------------------------------------------+
; Analysis & Synthesis Summary                                              ;
+-----------------------------+---------------------------------------------+
; Analysis & Synthesis Status ; Failed - Sun Mar 31 22:58:30 2019           ;
; Quartus Prime Version       ; 17.0.0 Build 595 04/25/2017 SJ Lite Edition ;
; Revision Name               ; part2                                       ;
; Top-level Entity Name       ; part2                                       ;
; Family                      ; Cyclone V                                   ;
; Logic utilization (in ALMs) ; N/A until Partition Merge                   ;
; Total registers             ; N/A until Partition Merge                   ;
; Total pins                  ; N/A until Partition Merge                   ;
; Total virtual pins          ; N/A until Partition Merge                   ;
; Total block memory bits     ; N/A until Partition Merge                   ;
; Total PLLs                  ; N/A until Partition Merge                   ;
; Total DLLs                  ; N/A until Partition Merge                   ;
+-----------------------------+---------------------------------------------+


+---------------------------------------------------------------------------------------------------------------------------+
; Analysis & Synthesis Settings                                                                                             ;
+---------------------------------------------------------------------------------+--------------------+--------------------+
; Option                                                                          ; Setting            ; Default Value      ;
+---------------------------------------------------------------------------------+--------------------+--------------------+
; Device                                                                          ; 5CSEMA5F31C6       ;                    ;
; Top-level entity name                                                           ; part2              ; part2              ;
; Family name                                                                     ; Cyclone V          ; Cyclone V          ;
; Use smart compilation                                                           ; Off                ; Off                ;
; Enable parallel Assembler and TimeQuest Timing Analyzer during compilation      ; On                 ; On                 ;
; Enable compact report table                                                     ; Off                ; Off                ;
; Restructure Multiplexers                                                        ; Auto               ; Auto               ;
; MLAB Add Timing Constraints For Mixed-Port Feed-Through Mode Setting Don't Care ; Off                ; Off                ;
; Create Debugging Nodes for IP Cores                                             ; Off                ; Off                ;
; Preserve fewer node names                                                       ; On                 ; On                 ;
; OpenCore Plus hardware evaluation                                               ; Enable             ; Enable             ;
; Verilog Version                                                                 ; Verilog_2001       ; Verilog_2001       ;
; VHDL Version                                                                    ; VHDL_1993          ; VHDL_1993          ;
; State Machine Processing                                                        ; Auto               ; Auto               ;
; Safe State Machine                                                              ; Off                ; Off                ;
; Extract Verilog State Machines                                                  ; On                 ; On                 ;
; Extract VHDL State Machines                                                     ; On                 ; On                 ;
; Ignore Verilog initial constructs                                               ; Off                ; Off                ;
; Iteration limit for constant Verilog loops                                      ; 5000               ; 5000               ;
; Iteration limit for non-constant Verilog loops                                  ; 250                ; 250                ;
; Add Pass-Through Logic to Inferred RAMs                                         ; On                 ; On                 ;
; Infer RAMs from Raw Logic                                                       ; On                 ; On                 ;
; Parallel Synthesis                                                              ; On                 ; On                 ;
; DSP Block Balancing                                                             ; Auto               ; Auto               ;
; NOT Gate Push-Back                                                              ; On                 ; On                 ;
; Power-Up Don't Care                                                             ; On                 ; On                 ;
; Remove Redundant Logic Cells                                                    ; Off                ; Off                ;
; Remove Duplicate Registers                                                      ; On                 ; On                 ;
; Ignore CARRY Buffers                                                            ; Off                ; Off                ;
; Ignore CASCADE Buffers                                                          ; Off                ; Off                ;
; Ignore GLOBAL Buffers                                                           ; Off                ; Off                ;
; Ignore ROW GLOBAL Buffers                                                       ; Off                ; Off                ;
; Ignore LCELL Buffers                                                            ; Off                ; Off                ;
; Ignore SOFT Buffers                                                             ; On                 ; On                 ;
; Limit AHDL Integers to 32 Bits                                                  ; Off                ; Off                ;
; Optimization Technique                                                          ; Balanced           ; Balanced           ;
; Carry Chain Length                                                              ; 70                 ; 70                 ;
; Auto Carry Chains                                                               ; On                 ; On                 ;
; Auto Open-Drain Pins                                                            ; On                 ; On                 ;
; Perform WYSIWYG Primitive Resynthesis                                           ; Off                ; Off                ;
; Auto ROM Replacement                                                            ; On                 ; On                 ;
; Auto RAM Replacement                                                            ; On                 ; On                 ;
; Auto DSP Block Replacement                                                      ; On                 ; On                 ;
; Auto Shift Register Replacement                                                 ; Auto               ; Auto               ;
; Allow Shift Register Merging across Hierarchies                                 ; Auto               ; Auto               ;
; Auto Clock Enable Replacement                                                   ; On                 ; On                 ;
; Strict RAM Replacement                                                          ; Off                ; Off                ;
; Allow Synchronous Control Signals                                               ; On                 ; On                 ;
; Force Use of Synchronous Clear Signals                                          ; Off                ; Off                ;
; Auto Resource Sharing                                                           ; Off                ; Off                ;
; Allow Any RAM Size For Recognition                                              ; Off                ; Off                ;
; Allow Any ROM Size For Recognition                                              ; Off                ; Off                ;
; Allow Any Shift Register Size For Recognition                                   ; Off                ; Off                ;
; Use LogicLock Constraints during Resource Balancing                             ; On                 ; On                 ;
; Ignore translate_off and synthesis_off directives                               ; Off                ; Off                ;
; Timing-Driven Synthesis                                                         ; On                 ; On                 ;
; Report Parameter Settings                                                       ; On                 ; On                 ;
; Report Source Assignments                                                       ; On                 ; On                 ;
; Report Connectivity Checks                                                      ; On                 ; On                 ;
; Ignore Maximum Fan-Out Assignments                                              ; Off                ; Off                ;
; Synchronization Register Chain Length                                           ; 3                  ; 3                  ;
; PowerPlay Power Optimization During Synthesis                                   ; Normal compilation ; Normal compilation ;
; HDL message level                                                               ; Level2             ; Level2             ;
; Suppress Register Optimization Related Messages                                 ; Off                ; Off                ;
; Number of Removed Registers Reported in Synthesis Report                        ; 5000               ; 5000               ;
; Number of Swept Nodes Reported in Synthesis Report                              ; 5000               ; 5000               ;
; Number of Inverted Registers Reported in Synthesis Report                       ; 100                ; 100                ;
; Clock MUX Protection                                                            ; On                 ; On                 ;
; Auto Gated Clock Conversion                                                     ; Off                ; Off                ;
; Block Design Naming                                                             ; Auto               ; Auto               ;
; SDC constraint protection                                                       ; Off                ; Off                ;
; Synthesis Effort                                                                ; Auto               ; Auto               ;
; Shift Register Replacement - Allow Asynchronous Clear Signal                    ; On                 ; On                 ;
; Pre-Mapping Resynthesis Optimization                                            ; Off                ; Off                ;
; Analysis & Synthesis Message Level                                              ; Medium             ; Medium             ;
; Disable Register Merging Across Hierarchies                                     ; Auto               ; Auto               ;
; Resource Aware Inference For Block RAM                                          ; On                 ; On                 ;
; Automatic Parallel Synthesis                                                    ; On                 ; On                 ;
; Partial Reconfiguration Bitstream ID                                            ; Off                ; Off                ;
+---------------------------------------------------------------------------------+--------------------+--------------------+


+------------------------------------------+
; Parallel Compilation                     ;
+----------------------------+-------------+
; Processors                 ; Number      ;
+----------------------------+-------------+
; Number detected on machine ; 4           ;
; Maximum allowed            ; 4           ;
;                            ;             ;
; Average used               ; 1.00        ;
; Maximum used               ; 1           ;
;                            ;             ;
; Usage by Processor         ; % Time Used ;
;     Processor 1            ; 100.0%      ;
+----------------------------+-------------+


+-------------------------------+
; Analysis & Synthesis Messages ;
+-------------------------------+
Info: *******************************************************************
Info: Running Quartus Prime Analysis & Synthesis
    Info: Version 17.0.0 Build 595 04/25/2017 SJ Lite Edition
    Info: Processing started: Sun Mar 31 22:58:16 2019
Info: Command: quartus_map --read_settings_files=on --write_settings_files=off part2 -c part2
Warning (18236): Number of processors has not been specified which may cause overloading on shared machines.  Set the global assignment NUM_PARALLEL_PROCESSORS in your QSF to an appropriate value for best performance.
Info (20030): Parallel compilation is enabled and will use 4 of the 4 processors detected
Info (12021): Found 7 design units, including 7 entities, in source file control.v
    Info (12023): Found entity 1: onehot File: /h/u13/c7/00/bansal19/Desktop/CSC258/Project/Logic /onehot.v Line: 40
    Info (12023): Found entity 2: ram40x32 File: /h/u13/c7/00/bansal19/Desktop/CSC258/Project/Logic /ram40x32.v Line: 40
    Info (12023): Found entity 3: control File: /h/u13/c7/00/bansal19/Desktop/CSC258/Project/Logic /control.v Line: 4
    Info (12023): Found entity 4: counter16 File: /h/u13/c7/00/bansal19/Desktop/CSC258/Project/Logic /control.v Line: 502
    Info (12023): Found entity 5: counter40 File: /h/u13/c7/00/bansal19/Desktop/CSC258/Project/Logic /control.v Line: 520
    Info (12023): Found entity 6: counter30 File: /h/u13/c7/00/bansal19/Desktop/CSC258/Project/Logic /control.v Line: 538
    Info (12023): Found entity 7: rate_div File: /h/u13/c7/00/bansal19/Desktop/CSC258/Project/Logic /control.v Line: 556
Info (12021): Found 2 design units, including 2 entities, in source file datapath.v
    Info (12023): Found entity 1: datapath File: /h/u13/c7/00/bansal19/Desktop/CSC258/Project/Logic /datapath.v Line: 1
    Info (12023): Found entity 2: counter17 File: /h/u13/c7/00/bansal19/Desktop/CSC258/Project/Logic /datapath.v Line: 61
Error (10228): Verilog HDL error at datapath.v(1): module "datapath" cannot be declared more than once File: /h/u13/c7/00/bansal19/Desktop/CSC258/Project/Logic /datapath.v Line: 1
Info (10499): HDL info at datapath.v(1): see declaration for object "datapath" File: /h/u13/c7/00/bansal19/Desktop/CSC258/Project/Logic /datapath.v Line: 1
Error (10112): Ignored design unit "counter17" at datapath.v(61) due to previous errors File: /h/u13/c7/00/bansal19/Desktop/CSC258/Project/Logic /datapath.v Line: 61
Error (10112): Ignored design unit "onehot" at onehot.v(40) due to previous errors File: /h/u13/c7/00/bansal19/Desktop/CSC258/Project/Logic /onehot.v Line: 40
Error (10112): Ignored design unit "ram40x32" at ram40x32.v(40) due to previous errors File: /h/u13/c7/00/bansal19/Desktop/CSC258/Project/Logic /ram40x32.v Line: 40
Error (10112): Ignored design unit "control" at control.v(4) due to previous errors File: /h/u13/c7/00/bansal19/Desktop/CSC258/Project/Logic /control.v Line: 4
Error (10112): Ignored design unit "counter16" at control.v(502) due to previous errors File: /h/u13/c7/00/bansal19/Desktop/CSC258/Project/Logic /control.v Line: 502
Error (10112): Ignored design unit "counter40" at control.v(520) due to previous errors File: /h/u13/c7/00/bansal19/Desktop/CSC258/Project/Logic /control.v Line: 520
Error (10112): Ignored design unit "counter30" at control.v(538) due to previous errors File: /h/u13/c7/00/bansal19/Desktop/CSC258/Project/Logic /control.v Line: 538
Error (10112): Ignored design unit "rate_div" at control.v(556) due to previous errors File: /h/u13/c7/00/bansal19/Desktop/CSC258/Project/Logic /control.v Line: 556
Error (10112): Ignored design unit "part2" at part2.v(5) due to previous errors File: /h/u13/c7/00/bansal19/Desktop/CSC258/Project/Logic /part2.v Line: 5
Error (10112): Ignored design unit "try" at part2.v(120) due to previous errors File: /h/u13/c7/00/bansal19/Desktop/CSC258/Project/Logic /part2.v Line: 120
Info (12021): Found 0 design units, including 0 entities, in source file part2.v
Error: Quartus Prime Analysis & Synthesis was unsuccessful. 11 errors, 1 warning
    Error: Peak virtual memory: 945 megabytes
    Error: Processing ended: Sun Mar 31 22:58:30 2019
    Error: Elapsed time: 00:00:14
    Error: Total CPU time (on all processors): 00:00:21


